[2026-03-31T09:17:59.527Z] [INFO] Auto-tuning for memory preset 256, 512, 1024, 2048, [4096], 8192
[2026-03-31T09:17:59.527Z] [INFO] DS_MEMORY_LIMIT_MB presets: 300, 512, 1024, 2048, [4096], 8192
[2026-03-31T09:17:59.527Z] [INFO] DS_SQLITE_CACHE_MB presets: 16, 32, 64, 128, [256], 512
[2026-03-31T09:17:59.527Z] [INFO] DS_WORKER_SQLITE_CACHE_MB presets: 8, 8, 8, 16, [32], 32
[2026-03-31T09:17:59.527Z] [INFO] DS_INDEX_RUN_MEM_CACHE_MB presets: 4, 8, 16, 32, [64], 128
[2026-03-31T09:17:59.527Z] [INFO] DS_INGEST_MAX_BATCH_MB presets: 2, 4, 8, 16, [32], 64
[2026-03-31T09:17:59.527Z] [INFO] DS_INGEST_MAX_QUEUE_MB presets: 8, 16, 32, 64, [128], 256
[2026-03-31T09:17:59.527Z] [INFO] DS_INDEX_BUILD_CONCURRENCY presets: 1, 1, 2, 2, [4], 8
[2026-03-31T09:17:59.527Z] [INFO] DS_INDEX_COMPACT_CONCURRENCY presets: 1, 1, 2, 2, [4], 4
[2026-03-31T09:17:59.527Z] [INFO] DS_SEGMENTER_WORKERS presets: 1, 1, 2, 2, [4], 8
[2026-03-31T09:17:59.527Z] [INFO] DS_UPLOAD_CONCURRENCY presets: 2, 2, 4, 4, [8], 16
[2026-03-31T09:17:59.553Z] [INFO] prisma-streams server listening on 127.0.0.1:8788
[2026-03-31T09:24:52.346Z] [INFO] received SIGTERM, shutting down prisma-streams server
heap stats:     peak       total       freed     current        unit       count   
  reserved:     1.0 GiB     1.0 GiB     0           1.0 GiB                          
 committed:     1.0 GiB     1.0 GiB     1.8 GiB  -919.2 MiB                          ok
     reset:     0      
    purged:     1.4 GiB
   touched:   128.5 KiB   257.0 KiB  1010.6 MiB -1010.3 MiB                          ok
  segments:     5           5           1           4                                not all freed
-abandoned:     1           1           1           0                                ok
   -cached:     0           0           0           0                                ok
     pages:     0           0           2.5 Ki     -2.5 Ki                           ok
-abandoned:     9           9           9           0                                ok
 -extended:     0      
 -noretire:     0      
    arenas:     1      
-crossover:     0      
 -rollback:     0      
     mmaps:     0      
   commits:     0      
    resets:     0      
    purges:     1.4 Ki 
   threads:    18          19           2          17                                not all freed
  searches:     0.0 avg
numa nodes:     1
   elapsed:   412.945 s
   process: user: 26.577 s, system: 5.812 s, faults: 69, rss: 398.5 MiB, commit: 1.0 GiB
