[2026-03-31T09:04:29.335Z] [INFO] Auto-tuning for memory preset 256, 512, 1024, 2048, [4096], 8192
[2026-03-31T09:04:29.335Z] [INFO] DS_MEMORY_LIMIT_MB presets: 300, 512, 1024, 2048, [4096], 8192
[2026-03-31T09:04:29.335Z] [INFO] DS_SQLITE_CACHE_MB presets: 16, 32, 64, 128, [256], 512
[2026-03-31T09:04:29.335Z] [INFO] DS_WORKER_SQLITE_CACHE_MB presets: 8, 8, 8, 16, [32], 32
[2026-03-31T09:04:29.335Z] [INFO] DS_INDEX_RUN_MEM_CACHE_MB presets: 4, 8, 16, 32, [64], 128
[2026-03-31T09:04:29.335Z] [INFO] DS_INGEST_MAX_BATCH_MB presets: 2, 4, 8, 16, [32], 64
[2026-03-31T09:04:29.335Z] [INFO] DS_INGEST_MAX_QUEUE_MB presets: 8, 16, 32, 64, [128], 256
[2026-03-31T09:04:29.335Z] [INFO] DS_INDEX_BUILD_CONCURRENCY presets: 1, 1, 2, 2, [4], 8
[2026-03-31T09:04:29.335Z] [INFO] DS_INDEX_COMPACT_CONCURRENCY presets: 1, 1, 2, 2, [4], 4
[2026-03-31T09:04:29.335Z] [INFO] DS_SEGMENTER_WORKERS presets: 1, 1, 2, 2, [4], 8
[2026-03-31T09:04:29.335Z] [INFO] DS_UPLOAD_CONCURRENCY presets: 2, 2, 4, 4, [8], 16
[2026-03-31T09:04:29.364Z] [INFO] prisma-streams server listening on 127.0.0.1:8787
[2026-03-31T09:22:00.543Z] [INFO] received SIGTERM, shutting down prisma-streams server
heap stats:     peak       total       freed     current        unit       count   
  reserved:     2.0 GiB     2.0 GiB     0           2.0 GiB                          
 committed:     1.0 GiB     2.0 GiB     4.8 GiB    -2.8 GiB                          ok
     reset:     0      
    purged:     3.0 GiB
   touched:   321.2 KiB     2.0 MiB     1.9 GiB    -1.9 GiB                          ok
  segments:    15          40          33           7                                not all freed
-abandoned:     4           8           8           0                                ok
   -cached:     0           0           0           0                                ok
     pages:     0           0           2.0 Ki     -2.0 Ki                           ok
-abandoned:    35          67          67           0                                ok
 -extended:     0      
 -noretire:     0      
    arenas:     2      
-crossover:     0      
 -rollback:     0      
     mmaps:     0      
   commits:     0      
    resets:     0      
    purges:     1.1 Ki 
   threads:    19          23           8          15                                not all freed
  searches:     0.0 avg
numa nodes:     1
   elapsed:  1051.958 s
   process: user: 577.742 s, system: 15.407 s, faults: 69, rss: 4.7 GiB, commit: 1.0 GiB
